

================================================================
== Vitis HLS Report for 'fir'
================================================================
* Date:           Thu Oct 19 23:08:47 2023

* Version:        2023.1 (Build 3854077 on May  4 2023)
* Project:        fir_128
* Solution:       solution1 (Vivado IP Flow Target)
* Product family: zynq
* Target device:  xc7z020-clg400-1


================================================================
== Performance Estimates
================================================================
+ Timing: 
    * Summary: 
    +--------+----------+----------+------------+
    |  Clock |  Target  | Estimated| Uncertainty|
    +--------+----------+----------+------------+
    |ap_clk  |  10.00 ns|  6.923 ns|     2.70 ns|
    +--------+----------+----------+------------+

+ Latency: 
    * Summary: 
    +---------+---------+----------+----------+-----+-----+---------+
    |  Latency (cycles) |  Latency (absolute) |  Interval | Pipeline|
    |   min   |   max   |    min   |    max   | min | max |   Type  |
    +---------+---------+----------+----------+-----+-----+---------+
    |       30|       30|  0.300 us|  0.300 us|   31|   31|      yes|
    +---------+---------+----------+----------+-----+-----+---------+

    + Detail: 
        * Instance: 
        N/A

        * Loop: 
        N/A



================================================================
== Utilization Estimates
================================================================
* Summary: 
+-----------------+---------+-----+--------+-------+-----+
|       Name      | BRAM_18K| DSP |   FF   |  LUT  | URAM|
+-----------------+---------+-----+--------+-------+-----+
|DSP              |        -|    -|       -|      -|    -|
|Expression       |        -|    -|       0|   4093|    -|
|FIFO             |        -|    -|       -|      -|    -|
|Instance         |        0|    2|     277|    218|    -|
|Memory           |        -|    -|       -|      -|    -|
|Multiplexer      |        -|    -|       -|    142|    -|
|Register         |        -|    -|    6287|      -|    -|
+-----------------+---------+-----+--------+-------+-----+
|Total            |        0|    2|    6564|   4453|    0|
+-----------------+---------+-----+--------+-------+-----+
|Available        |      280|  220|  106400|  53200|    0|
+-----------------+---------+-----+--------+-------+-----+
|Utilization (%)  |        0|   ~0|       6|      8|    0|
+-----------------+---------+-----+--------+-------+-----+

+ Detail: 
    * Instance: 
    +-----------------------+--------------------+---------+----+-----+-----+-----+
    |        Instance       |       Module       | BRAM_18K| DSP|  FF | LUT | URAM|
    +-----------------------+--------------------+---------+----+-----+-----+-----+
    |control_s_axi_U        |control_s_axi       |        0|   0|  112|  168|    0|
    |mul_32s_5ns_32_2_1_U1  |mul_32s_5ns_32_2_1  |        0|   2|  165|   50|    0|
    +-----------------------+--------------------+---------+----+-----+-----+-----+
    |Total                  |                    |        0|   2|  277|  218|    0|
    +-----------------------+--------------------+---------+----+-----+-----+-----+

    * DSP: 
    N/A

    * Memory: 
    N/A

    * FIFO: 
    N/A

    * Expression: 
    +------------------------+----------+----+---+----+------------+------------+
    |      Variable Name     | Operation| DSP| FF| LUT| Bitwidth P0| Bitwidth P1|
    +------------------------+----------+----+---+----+------------+------------+
    |add_ln33_1_fu_2273_p2   |         +|   0|  0|  32|          32|          32|
    |add_ln33_2_fu_2278_p2   |         +|   0|  0|  32|          32|          32|
    |add_ln33_fu_2592_p2     |         +|   0|  0|  32|          32|          32|
    |tmp108_fu_661_p2        |         +|   0|  0|  31|          31|          31|
    |tmp10_fu_437_p2         |         +|   0|  0|  31|          31|          31|
    |tmp11_fu_431_p2         |         +|   0|  0|  31|          31|          31|
    |tmp124_fu_1228_p2       |         +|   0|  0|  31|          31|          31|
    |tmp12_fu_624_p2         |         +|   0|  0|  31|          31|          31|
    |tmp13_fu_620_p2         |         +|   0|  0|  31|          31|          31|
    |tmp140_fu_1880_p2       |         +|   0|  0|  31|          31|          31|
    |tmp14_fu_449_p2         |         +|   0|  0|  31|          31|          31|
    |tmp156_fu_830_p2        |         +|   0|  0|  39|          32|          32|
    |tmp15_fu_443_p2         |         +|   0|  0|  31|          31|          31|
    |tmp164_fu_1239_p2       |         +|   0|  0|  32|          32|          32|
    |tmp16_fu_461_p2         |         +|   0|  0|  31|          31|          31|
    |tmp172_fu_1748_p2       |         +|   0|  0|  32|          32|          32|
    |tmp178_fu_2061_p2       |         +|   0|  0|  32|          32|          32|
    |tmp17_fu_455_p2         |         +|   0|  0|  31|          31|          31|
    |tmp189_fu_1244_p2       |         +|   0|  0|  32|          32|          32|
    |tmp18_fu_478_p2         |         +|   0|  0|  31|          31|          31|
    |tmp193_fu_1753_p2       |         +|   0|  0|  32|          32|          32|
    |tmp196_fu_2072_p2       |         +|   0|  0|  32|          32|          32|
    |tmp19_fu_472_p2         |         +|   0|  0|  31|          31|          31|
    |tmp1_fu_657_p2          |         +|   0|  0|  31|          31|          31|
    |tmp207_fu_1255_p2       |         +|   0|  0|  29|          29|          29|
    |tmp20_fu_467_p2         |         +|   0|  0|  38|          31|          31|
    |tmp211_fu_1764_p2       |         +|   0|  0|  29|          29|          29|
    |tmp2141_fu_2087_p2      |         +|   0|  0|  29|          29|          29|
    |tmp21_fu_337_p2         |         +|   0|  0|  31|          31|          31|
    |tmp22_fu_331_p2         |         +|   0|  0|  31|          31|          31|
    |tmp23_fu_1222_p2        |         +|   0|  0|  31|          31|          31|
    |tmp24_fu_1210_p2        |         +|   0|  0|  38|          31|          31|
    |tmp25_fu_1216_p2        |         +|   0|  0|  38|          31|          31|
    |tmp26_fu_1018_p2        |         +|   0|  0|  31|          31|          31|
    |tmp27_fu_1012_p2        |         +|   0|  0|  31|          31|          31|
    |tmp28_fu_905_p2         |         +|   0|  0|  31|          31|          31|
    |tmp29_fu_900_p2         |         +|   0|  0|  31|          31|          31|
    |tmp2_fu_599_p2          |         +|   0|  0|  31|          31|          31|
    |tmp30_fu_1874_p2        |         +|   0|  0|  31|          31|          31|
    |tmp31_fu_1862_p2        |         +|   0|  0|  38|          31|          31|
    |tmp32_fu_1868_p2        |         +|   0|  0|  38|          31|          31|
    |tmp33_fu_1737_p2        |         +|   0|  0|  31|          31|          31|
    |tmp34_fu_1731_p2        |         +|   0|  0|  31|          31|          31|
    |tmp35_fu_1602_p2        |         +|   0|  0|  31|          31|          31|
    |tmp36_fu_1597_p2        |         +|   0|  0|  31|          31|          31|
    |tmp37_fu_1233_p2        |         +|   0|  0|  32|          32|          32|
    |tmp38_fu_1028_p2        |         +|   0|  0|  32|          32|          32|
    |tmp39_fu_1023_p2        |         +|   0|  0|  32|          32|          32|
    |tmp3_fu_593_p2          |         +|   0|  0|  31|          31|          31|
    |tmp40_fu_1742_p2        |         +|   0|  0|  32|          32|          32|
    |tmp41_fu_1613_p2        |         +|   0|  0|  32|          32|          32|
    |tmp42_fu_1608_p2        |         +|   0|  0|  32|          32|          32|
    |tmp43_fu_2056_p2        |         +|   0|  0|  32|          32|          32|
    |tmp44_fu_1046_p2        |         +|   0|  0|  32|          32|          32|
    |tmp45_fu_1624_p2        |         +|   0|  0|  32|          32|          32|
    |tmp46_fu_1064_p2        |         +|   0|  0|  29|          29|          29|
    |tmp47_fu_1635_p2        |         +|   0|  0|  29|          29|          29|
    |tmp4_fu_588_p2          |         +|   0|  0|  38|          31|          31|
    |tmp5_fu_425_p2          |         +|   0|  0|  31|          31|          31|
    |tmp6_fu_419_p2          |         +|   0|  0|  31|          31|          31|
    |tmp7_fu_615_p2          |         +|   0|  0|  31|          31|          31|
    |tmp8_fu_609_p2          |         +|   0|  0|  31|          31|          31|
    |tmp9_fu_604_p2          |         +|   0|  0|  38|          31|          31|
    |y                       |         +|   0|  0|  32|          32|          32|
    |sub_ln38_10_fu_2312_p2  |         -|   0|  0|  31|          31|          31|
    |sub_ln38_11_fu_2317_p2  |         -|   0|  0|  31|          31|          31|
    |sub_ln38_12_fu_2351_p2  |         -|   0|  0|  31|          31|          31|
    |sub_ln38_13_fu_2356_p2  |         -|   0|  0|  31|          31|          31|
    |sub_ln38_14_fu_2390_p2  |         -|   0|  0|  31|          31|          31|
    |sub_ln38_15_fu_2395_p2  |         -|   0|  0|  31|          31|          31|
    |sub_ln38_16_fu_2429_p2  |         -|   0|  0|  31|          31|          31|
    |sub_ln38_17_fu_2434_p2  |         -|   0|  0|  31|          31|          31|
    |sub_ln38_18_fu_2468_p2  |         -|   0|  0|  31|          31|          31|
    |sub_ln38_19_fu_2473_p2  |         -|   0|  0|  31|          31|          31|
    |sub_ln38_1_fu_1966_p2   |         -|   0|  0|  31|          31|          31|
    |sub_ln38_20_fu_2507_p2  |         -|   0|  0|  31|          31|          31|
    |sub_ln38_21_fu_2512_p2  |         -|   0|  0|  31|          31|          31|
    |sub_ln38_2_fu_2045_p2   |         -|   0|  0|  31|          31|          31|
    |sub_ln38_3_fu_2050_p2   |         -|   0|  0|  31|          31|          31|
    |sub_ln38_4_fu_2162_p2   |         -|   0|  0|  31|          31|          31|
    |sub_ln38_5_fu_2167_p2   |         -|   0|  0|  31|          31|          31|
    |sub_ln38_6_fu_2206_p2   |         -|   0|  0|  31|          31|          31|
    |sub_ln38_7_fu_2211_p2   |         -|   0|  0|  31|          31|          31|
    |sub_ln38_8_fu_2245_p2   |         -|   0|  0|  31|          31|          31|
    |sub_ln38_9_fu_2250_p2   |         -|   0|  0|  31|          31|          31|
    |sub_ln38_fu_1961_p2     |         -|   0|  0|  31|          31|          31|
    |tmp109_fu_686_p2        |         -|   0|  0|  31|          31|          31|
    |tmp110_fu_691_p2        |         -|   0|  0|  31|          31|          31|
    |tmp111_fu_725_p2        |         -|   0|  0|  31|          31|          31|
    |tmp112_fu_730_p2        |         -|   0|  0|  31|          31|          31|
    |tmp113_fu_764_p2        |         -|   0|  0|  31|          31|          31|
    |tmp114_fu_769_p2        |         -|   0|  0|  31|          31|          31|
    |tmp115_fu_819_p2        |         -|   0|  0|  31|          31|          31|
    |tmp116_fu_824_p2        |         -|   0|  0|  31|          31|          31|
    |tmp125_fu_1355_p2       |         -|   0|  0|  31|          31|          31|
    |tmp126_fu_1360_p2       |         -|   0|  0|  31|          31|          31|
    |tmp127_fu_1417_p2       |         -|   0|  0|  31|          31|          31|
    |tmp128_fu_1422_p2       |         -|   0|  0|  31|          31|          31|
    |tmp129_fu_1456_p2       |         -|   0|  0|  31|          31|          31|
    |tmp130_fu_1461_p2       |         -|   0|  0|  31|          31|          31|
    |tmp131_fu_1503_p2       |         -|   0|  0|  31|          31|          31|
    |tmp132_fu_1508_p2       |         -|   0|  0|  31|          31|          31|
    |tmp141_fu_2546_p2       |         -|   0|  0|  31|          31|          31|
    |tmp142_fu_2551_p2       |         -|   0|  0|  31|          31|          31|
    |tmp157_fu_836_p2        |         -|   0|  0|  32|          32|          32|
    |tmp158_fu_842_p2        |         -|   0|  0|  32|          32|          32|
    |tmp159_fu_911_p2        |         -|   0|  0|  32|          32|          32|
    |tmp160_fu_916_p2        |         -|   0|  0|  32|          32|          32|
    |tmp165_fu_1366_p2       |         -|   0|  0|  32|          32|          32|
    |tmp166_fu_1371_p2       |         -|   0|  0|  32|          32|          32|
    |tmp167_fu_1514_p2       |         -|   0|  0|  32|          32|          32|
    |tmp168_fu_1519_p2       |         -|   0|  0|  32|          32|          32|
    |tmp173_fu_1885_p2       |         -|   0|  0|  32|          32|          32|
    |tmp174_fu_1890_p2       |         -|   0|  0|  32|          32|          32|
    |tmp175_fu_1972_p2       |         -|   0|  0|  32|          32|          32|
    |tmp176_fu_1977_p2       |         -|   0|  0|  32|          32|          32|
    |tmp186_fu_1034_p2       |         -|   0|  0|  39|          32|          32|
    |tmp187_fu_1040_p2       |         -|   0|  0|  32|          32|          32|
    |tmp190_fu_1249_p2       |         -|   0|  0|  32|          32|          32|
    |tmp191_fu_1619_p2       |         -|   0|  0|  32|          32|          32|
    |tmp194_fu_1758_p2       |         -|   0|  0|  32|          32|          32|
    |tmp195_fu_2067_p2       |         -|   0|  0|  32|          32|          32|
    |tmp197_fu_2261_p2       |         -|   0|  0|  39|          32|          32|
    |tmp204_fu_1052_p2       |         -|   0|  0|  36|          29|          29|
    |tmp205_fu_1058_p2       |         -|   0|  0|  29|          29|          29|
    |tmp208_fu_1260_p2       |         -|   0|  0|  29|          29|          29|
    |tmp209_fu_1630_p2       |         -|   0|  0|  29|          29|          29|
    |tmp212_fu_1769_p2       |         -|   0|  0|  29|          29|          29|
    |tmp213_fu_2078_p2       |         -|   0|  0|  29|          29|          29|
    +------------------------+----------+----+---+----+------------+------------+
    |Total                   |          |   0|  0|4093|        4016|        4016|
    +------------------------+----------+----+---+----+------------+------------+

    * Multiplexer: 
    +-----------+-----+-----------+-----+-----------+
    |    Name   | LUT | Input Size| Bits| Total Bits|
    +-----------+-----+-----------+-----+-----------+
    |ap_NS_fsm  |  142|         32|    1|         32|
    +-----------+-----+-----------+-----+-----------+
    |Total      |  142|         32|    1|         32|
    +-----------+-----+-----------+-----+-----------+

    * Register: 
    +---------------------------------------+----+----+-----+-----------+
    |                  Name                 | FF | LUT| Bits| Const Bits|
    +---------------------------------------+----+----+-----+-----------+
    |add_ln33_2_reg_2919                    |  32|   0|   32|          0|
    |ap_CS_fsm                              |  31|   0|   31|          0|
    |empty_reg_2959                         |  29|   0|   29|          0|
    |fir_int_int_my_reg_0                   |  32|   0|   32|          0|
    |fir_int_int_my_reg_1                   |  32|   0|   32|          0|
    |fir_int_int_my_reg_10                  |  32|   0|   32|          0|
    |fir_int_int_my_reg_11                  |  32|   0|   32|          0|
    |fir_int_int_my_reg_12                  |  32|   0|   32|          0|
    |fir_int_int_my_reg_13                  |  32|   0|   32|          0|
    |fir_int_int_my_reg_14                  |  32|   0|   32|          0|
    |fir_int_int_my_reg_15                  |  32|   0|   32|          0|
    |fir_int_int_my_reg_16                  |  32|   0|   32|          0|
    |fir_int_int_my_reg_17                  |  32|   0|   32|          0|
    |fir_int_int_my_reg_18                  |  32|   0|   32|          0|
    |fir_int_int_my_reg_19                  |  32|   0|   32|          0|
    |fir_int_int_my_reg_1_0                 |  32|   0|   32|          0|
    |fir_int_int_my_reg_1_1                 |  32|   0|   32|          0|
    |fir_int_int_my_reg_1_10                |  32|   0|   32|          0|
    |fir_int_int_my_reg_1_11                |  32|   0|   32|          0|
    |fir_int_int_my_reg_1_12                |  32|   0|   32|          0|
    |fir_int_int_my_reg_1_13                |  32|   0|   32|          0|
    |fir_int_int_my_reg_1_14                |  32|   0|   32|          0|
    |fir_int_int_my_reg_1_15                |  32|   0|   32|          0|
    |fir_int_int_my_reg_1_16                |  32|   0|   32|          0|
    |fir_int_int_my_reg_1_17                |  32|   0|   32|          0|
    |fir_int_int_my_reg_1_18                |  32|   0|   32|          0|
    |fir_int_int_my_reg_1_19                |  32|   0|   32|          0|
    |fir_int_int_my_reg_1_2                 |  32|   0|   32|          0|
    |fir_int_int_my_reg_1_20                |  32|   0|   32|          0|
    |fir_int_int_my_reg_1_20_load_reg_2803  |  32|   0|   32|          0|
    |fir_int_int_my_reg_1_21                |  32|   0|   32|          0|
    |fir_int_int_my_reg_1_21_load_reg_2828  |  32|   0|   32|          0|
    |fir_int_int_my_reg_1_22                |  32|   0|   32|          0|
    |fir_int_int_my_reg_1_23                |  32|   0|   32|          0|
    |fir_int_int_my_reg_1_24                |  32|   0|   32|          0|
    |fir_int_int_my_reg_1_25                |  32|   0|   32|          0|
    |fir_int_int_my_reg_1_26                |  32|   0|   32|          0|
    |fir_int_int_my_reg_1_27                |  32|   0|   32|          0|
    |fir_int_int_my_reg_1_28                |  32|   0|   32|          0|
    |fir_int_int_my_reg_1_29                |  32|   0|   32|          0|
    |fir_int_int_my_reg_1_3                 |  32|   0|   32|          0|
    |fir_int_int_my_reg_1_30                |  32|   0|   32|          0|
    |fir_int_int_my_reg_1_31                |  32|   0|   32|          0|
    |fir_int_int_my_reg_1_32                |  32|   0|   32|          0|
    |fir_int_int_my_reg_1_33                |  32|   0|   32|          0|
    |fir_int_int_my_reg_1_34                |  32|   0|   32|          0|
    |fir_int_int_my_reg_1_35                |  32|   0|   32|          0|
    |fir_int_int_my_reg_1_36                |  32|   0|   32|          0|
    |fir_int_int_my_reg_1_36_load_reg_2713  |  32|   0|   32|          0|
    |fir_int_int_my_reg_1_37                |  32|   0|   32|          0|
    |fir_int_int_my_reg_1_37_load_reg_2728  |  32|   0|   32|          0|
    |fir_int_int_my_reg_1_38                |  32|   0|   32|          0|
    |fir_int_int_my_reg_1_39                |  32|   0|   32|          0|
    |fir_int_int_my_reg_1_3_load_reg_2863   |  32|   0|   32|          0|
    |fir_int_int_my_reg_1_4                 |  32|   0|   32|          0|
    |fir_int_int_my_reg_1_40                |  32|   0|   32|          0|
    |fir_int_int_my_reg_1_41                |  32|   0|   32|          0|
    |fir_int_int_my_reg_1_42                |  32|   0|   32|          0|
    |fir_int_int_my_reg_1_43                |  32|   0|   32|          0|
    |fir_int_int_my_reg_1_44                |  32|   0|   32|          0|
    |fir_int_int_my_reg_1_45                |  32|   0|   32|          0|
    |fir_int_int_my_reg_1_46                |  32|   0|   32|          0|
    |fir_int_int_my_reg_1_47                |  32|   0|   32|          0|
    |fir_int_int_my_reg_1_48                |  32|   0|   32|          0|
    |fir_int_int_my_reg_1_48_load_reg_2698  |  32|   0|   32|          0|
    |fir_int_int_my_reg_1_49                |  32|   0|   32|          0|
    |fir_int_int_my_reg_1_5                 |  32|   0|   32|          0|
    |fir_int_int_my_reg_1_50                |  32|   0|   32|          0|
    |fir_int_int_my_reg_1_51                |  32|   0|   32|          0|
    |fir_int_int_my_reg_1_52                |  31|   0|   31|          0|
    |fir_int_int_my_reg_1_53                |  31|   0|   31|          0|
    |fir_int_int_my_reg_1_54                |  31|   0|   31|          0|
    |fir_int_int_my_reg_1_55                |  31|   0|   31|          0|
    |fir_int_int_my_reg_1_56                |  31|   0|   31|          0|
    |fir_int_int_my_reg_1_57                |  31|   0|   31|          0|
    |fir_int_int_my_reg_1_58                |  31|   0|   31|          0|
    |fir_int_int_my_reg_1_59                |  31|   0|   31|          0|
    |fir_int_int_my_reg_1_6                 |  32|   0|   32|          0|
    |fir_int_int_my_reg_1_60                |  31|   0|   31|          0|
    |fir_int_int_my_reg_1_61                |  31|   0|   31|          0|
    |fir_int_int_my_reg_1_62                |  31|   0|   31|          0|
    |fir_int_int_my_reg_1_7                 |  32|   0|   32|          0|
    |fir_int_int_my_reg_1_8                 |  32|   0|   32|          0|
    |fir_int_int_my_reg_1_9                 |  32|   0|   32|          0|
    |fir_int_int_my_reg_2                   |  32|   0|   32|          0|
    |fir_int_int_my_reg_20                  |  32|   0|   32|          0|
    |fir_int_int_my_reg_21                  |  32|   0|   32|          0|
    |fir_int_int_my_reg_22                  |  32|   0|   32|          0|
    |fir_int_int_my_reg_23                  |  32|   0|   32|          0|
    |fir_int_int_my_reg_24                  |  32|   0|   32|          0|
    |fir_int_int_my_reg_25                  |  32|   0|   32|          0|
    |fir_int_int_my_reg_26                  |  32|   0|   32|          0|
    |fir_int_int_my_reg_27                  |  32|   0|   32|          0|
    |fir_int_int_my_reg_28                  |  32|   0|   32|          0|
    |fir_int_int_my_reg_29                  |  32|   0|   32|          0|
    |fir_int_int_my_reg_3                   |  32|   0|   32|          0|
    |fir_int_int_my_reg_30                  |  32|   0|   32|          0|
    |fir_int_int_my_reg_31                  |  32|   0|   32|          0|
    |fir_int_int_my_reg_32                  |  32|   0|   32|          0|
    |fir_int_int_my_reg_33                  |  32|   0|   32|          0|
    |fir_int_int_my_reg_34                  |  32|   0|   32|          0|
    |fir_int_int_my_reg_35                  |  32|   0|   32|          0|
    |fir_int_int_my_reg_36                  |  32|   0|   32|          0|
    |fir_int_int_my_reg_37                  |  32|   0|   32|          0|
    |fir_int_int_my_reg_38                  |  32|   0|   32|          0|
    |fir_int_int_my_reg_39                  |  32|   0|   32|          0|
    |fir_int_int_my_reg_4                   |  32|   0|   32|          0|
    |fir_int_int_my_reg_40                  |  32|   0|   32|          0|
    |fir_int_int_my_reg_41                  |  32|   0|   32|          0|
    |fir_int_int_my_reg_42                  |  32|   0|   32|          0|
    |fir_int_int_my_reg_43                  |  32|   0|   32|          0|
    |fir_int_int_my_reg_44                  |  32|   0|   32|          0|
    |fir_int_int_my_reg_45                  |  32|   0|   32|          0|
    |fir_int_int_my_reg_46                  |  32|   0|   32|          0|
    |fir_int_int_my_reg_47                  |  32|   0|   32|          0|
    |fir_int_int_my_reg_48                  |  32|   0|   32|          0|
    |fir_int_int_my_reg_48_load_reg_2677    |  32|   0|   32|          0|
    |fir_int_int_my_reg_49                  |  32|   0|   32|          0|
    |fir_int_int_my_reg_5                   |  32|   0|   32|          0|
    |fir_int_int_my_reg_50                  |  32|   0|   32|          0|
    |fir_int_int_my_reg_51                  |  32|   0|   32|          0|
    |fir_int_int_my_reg_52                  |  31|   0|   31|          0|
    |fir_int_int_my_reg_53                  |  31|   0|   31|          0|
    |fir_int_int_my_reg_53_load_reg_2609    |  31|   0|   31|          0|
    |fir_int_int_my_reg_54                  |  31|   0|   31|          0|
    |fir_int_int_my_reg_55                  |  31|   0|   31|          0|
    |fir_int_int_my_reg_56                  |  31|   0|   31|          0|
    |fir_int_int_my_reg_57                  |  31|   0|   31|          0|
    |fir_int_int_my_reg_58                  |  31|   0|   31|          0|
    |fir_int_int_my_reg_59                  |  31|   0|   31|          0|
    |fir_int_int_my_reg_59_load_reg_2626    |  31|   0|   31|          0|
    |fir_int_int_my_reg_6                   |  32|   0|   32|          0|
    |fir_int_int_my_reg_60                  |  31|   0|   31|          0|
    |fir_int_int_my_reg_61                  |  31|   0|   31|          0|
    |fir_int_int_my_reg_62                  |  31|   0|   31|          0|
    |fir_int_int_my_reg_62_load_reg_2620    |  31|   0|   31|          0|
    |fir_int_int_my_reg_63                  |  31|   0|   31|          0|
    |fir_int_int_my_reg_7                   |  32|   0|   32|          0|
    |fir_int_int_my_reg_8                   |  32|   0|   32|          0|
    |fir_int_int_my_reg_9                   |  32|   0|   32|          0|
    |sub_ln38_11_reg_2924                   |  31|   0|   31|          0|
    |sub_ln38_13_reg_2929                   |  31|   0|   31|          0|
    |sub_ln38_15_reg_2934                   |  31|   0|   31|          0|
    |sub_ln38_17_reg_2939                   |  31|   0|   31|          0|
    |sub_ln38_19_reg_2944                   |  31|   0|   31|          0|
    |sub_ln38_1_reg_2868                    |  31|   0|   31|          0|
    |sub_ln38_21_reg_2949                   |  31|   0|   31|          0|
    |sub_ln38_3_reg_2878                    |  31|   0|   31|          0|
    |sub_ln38_5_reg_2899                    |  31|   0|   31|          0|
    |sub_ln38_7_reg_2904                    |  31|   0|   31|          0|
    |sub_ln38_9_reg_2914                    |  31|   0|   31|          0|
    |tmp108_reg_2672                        |  31|   0|   31|          0|
    |tmp10_reg_2637                         |  31|   0|   31|          0|
    |tmp110_reg_2683                        |  31|   0|   31|          0|
    |tmp112_reg_2688                        |  31|   0|   31|          0|
    |tmp114_reg_2693                        |  31|   0|   31|          0|
    |tmp116_reg_2703                        |  31|   0|   31|          0|
    |tmp124_reg_2753                        |  31|   0|   31|          0|
    |tmp126_reg_2773                        |  31|   0|   31|          0|
    |tmp128_reg_2783                        |  31|   0|   31|          0|
    |tmp12_reg_2667                         |  31|   0|   31|          0|
    |tmp130_reg_2788                        |  31|   0|   31|          0|
    |tmp132_reg_2793                        |  31|   0|   31|          0|
    |tmp140_reg_2853                        |  31|   0|   31|          0|
    |tmp142_reg_2954                        |  31|   0|   31|          0|
    |tmp14_reg_2642                         |  31|   0|   31|          0|
    |tmp158_reg_2708                        |  32|   0|   32|          0|
    |tmp160_reg_2723                        |  32|   0|   32|          0|
    |tmp164_reg_2758                        |  32|   0|   32|          0|
    |tmp166_reg_2778                        |  32|   0|   32|          0|
    |tmp168_reg_2798                        |  32|   0|   32|          0|
    |tmp16_reg_2647                         |  31|   0|   31|          0|
    |tmp172_reg_2838                        |  32|   0|   32|          0|
    |tmp174_reg_2858                        |  32|   0|   32|          0|
    |tmp176_reg_2873                        |  32|   0|   32|          0|
    |tmp178_reg_2883                        |  32|   0|   32|          0|
    |tmp179_reg_2909                        |  32|   0|   32|          0|
    |tmp18_reg_2652                         |  31|   0|   31|          0|
    |tmp190_reg_2763                        |  32|   0|   32|          0|
    |tmp194_reg_2843                        |  32|   0|   32|          0|
    |tmp196_reg_2888                        |  32|   0|   32|          0|
    |tmp208_reg_2768                        |  29|   0|   29|          0|
    |tmp212_reg_2848                        |  29|   0|   29|          0|
    |tmp2141_reg_2894                       |  29|   0|   29|          0|
    |tmp21_reg_2615                         |  31|   0|   31|          0|
    |tmp26_reg_2733                         |  31|   0|   31|          0|
    |tmp28_reg_2718                         |  31|   0|   31|          0|
    |tmp2_reg_2657                          |  31|   0|   31|          0|
    |tmp33_reg_2833                         |  31|   0|   31|          0|
    |tmp35_reg_2808                         |  31|   0|   31|          0|
    |tmp38_reg_2738                         |  32|   0|   32|          0|
    |tmp41_reg_2813                         |  32|   0|   32|          0|
    |tmp44_reg_2743                         |  32|   0|   32|          0|
    |tmp45_reg_2818                         |  32|   0|   32|          0|
    |tmp46_reg_2748                         |  29|   0|   29|          0|
    |tmp47_reg_2823                         |  29|   0|   29|          0|
    |tmp5_reg_2632                          |  31|   0|   31|          0|
    |tmp7_reg_2662                          |  31|   0|   31|          0|
    |x_read_reg_2604                        |  32|   0|   32|          0|
    +---------------------------------------+----+----+-----+-----------+
    |Total                                  |6287|   0| 6287|          0|
    +---------------------------------------+----+----+-----+-----------+



================================================================
== Interface
================================================================
* Summary: 
+-----------------------+-----+-----+------------+--------------+--------------+
|       RTL Ports       | Dir | Bits|  Protocol  | Source Object|    C Type    |
+-----------------------+-----+-----+------------+--------------+--------------+
|s_axi_control_AWVALID  |   in|    1|       s_axi|       control|        scalar|
|s_axi_control_AWREADY  |  out|    1|       s_axi|       control|        scalar|
|s_axi_control_AWADDR   |   in|    6|       s_axi|       control|        scalar|
|s_axi_control_WVALID   |   in|    1|       s_axi|       control|        scalar|
|s_axi_control_WREADY   |  out|    1|       s_axi|       control|        scalar|
|s_axi_control_WDATA    |   in|   32|       s_axi|       control|        scalar|
|s_axi_control_WSTRB    |   in|    4|       s_axi|       control|        scalar|
|s_axi_control_ARVALID  |   in|    1|       s_axi|       control|        scalar|
|s_axi_control_ARREADY  |  out|    1|       s_axi|       control|        scalar|
|s_axi_control_ARADDR   |   in|    6|       s_axi|       control|        scalar|
|s_axi_control_RVALID   |  out|    1|       s_axi|       control|        scalar|
|s_axi_control_RREADY   |   in|    1|       s_axi|       control|        scalar|
|s_axi_control_RDATA    |  out|   32|       s_axi|       control|        scalar|
|s_axi_control_RRESP    |  out|    2|       s_axi|       control|        scalar|
|s_axi_control_BVALID   |  out|    1|       s_axi|       control|        scalar|
|s_axi_control_BREADY   |   in|    1|       s_axi|       control|        scalar|
|s_axi_control_BRESP    |  out|    2|       s_axi|       control|        scalar|
|ap_clk                 |   in|    1|  ap_ctrl_hs|           fir|  return value|
|ap_rst_n               |   in|    1|  ap_ctrl_hs|           fir|  return value|
|interrupt              |  out|    1|  ap_ctrl_hs|           fir|  return value|
+-----------------------+-----+-----+------------+--------------+--------------+

