

================================================================
== Vitis HLS Report for 'fir'
================================================================
* Date:           Mon Oct 23 22:23:34 2023

* Version:        2023.1 (Build 3854077 on May  4 2023)
* Project:        fir_128
* Solution:       solution1 (Vivado IP Flow Target)
* Product family: zynq
* Target device:  xc7z020-clg400-1


================================================================
== Performance Estimates
================================================================
+ Timing: 
    * Summary: 
    +--------+----------+-----------+------------+
    |  Clock |  Target  | Estimated | Uncertainty|
    +--------+----------+-----------+------------+
    |ap_clk  |  16.00 ns|  11.621 ns|     4.32 ns|
    +--------+----------+-----------+------------+

+ Latency: 
    * Summary: 
    +---------+---------+----------+----------+-----+-----+---------+
    |  Latency (cycles) |  Latency (absolute) |  Interval | Pipeline|
    |   min   |   max   |    min   |    max   | min | max |   Type  |
    +---------+---------+----------+----------+-----+-----+---------+
    |       10|       10|  0.160 us|  0.160 us|   11|   11|      yes|
    +---------+---------+----------+----------+-----+-----+---------+

    + Detail: 
        * Instance: 
        N/A

        * Loop: 
        N/A



================================================================
== Utilization Estimates
================================================================
* Summary: 
+-----------------+---------+-----+--------+-------+-----+
|       Name      | BRAM_18K| DSP |   FF   |  LUT  | URAM|
+-----------------+---------+-----+--------+-------+-----+
|DSP              |        -|    1|       -|      -|    -|
|Expression       |        -|    -|       0|   1977|    -|
|FIFO             |        -|    -|       -|      -|    -|
|Instance         |        0|    -|      80|    104|    -|
|Memory           |        -|    -|       -|      -|    -|
|Multiplexer      |        -|    -|       -|     65|    -|
|Register         |        -|    -|    2507|      -|    -|
+-----------------+---------+-----+--------+-------+-----+
|Total            |        0|    1|    2587|   2146|    0|
+-----------------+---------+-----+--------+-------+-----+
|Available        |      280|  220|  106400|  53200|    0|
+-----------------+---------+-----+--------+-------+-----+
|Utilization (%)  |        0|   ~0|       2|      4|    0|
+-----------------+---------+-----+--------+-------+-----+

+ Detail: 
    * Instance: 
    +-----------------+---------------+---------+----+----+-----+-----+
    |     Instance    |     Module    | BRAM_18K| DSP| FF | LUT | URAM|
    +-----------------+---------------+---------+----+----+-----+-----+
    |control_s_axi_U  |control_s_axi  |        0|   0|  80|  104|    0|
    +-----------------+---------------+---------+----+----+-----+-----+
    |Total            |               |        0|   0|  80|  104|    0|
    +-----------------+---------------+---------+----+----+-----+-----+

    * DSP: 
    +--------------------------------------------+-----------------------------------------+---------------------+
    |                  Instance                  |                  Module                 |      Expression     |
    +--------------------------------------------+-----------------------------------------+---------------------+
    |ama_addmuladd_16ns_16ns_4ns_16ns_16_4_1_U1  |ama_addmuladd_16ns_16ns_4ns_16ns_16_4_1  |  i0 + (i1 + i2) * i3|
    +--------------------------------------------+-----------------------------------------+---------------------+

    * Memory: 
    N/A

    * FIFO: 
    N/A

    * Expression: 
    +------------------------+----------+----+---+----+------------+------------+
    |      Variable Name     | Operation| DSP| FF| LUT| Bitwidth P0| Bitwidth P1|
    +------------------------+----------+----+---+----+------------+------------+
    |add_ln42_2_fu_2510_p2   |         +|   0|  0|  16|          16|          16|
    |add_ln42_fu_2598_p2     |         +|   0|  0|  16|          16|          16|
    |grp_fu_2627_p0          |         +|   0|  0|  16|          16|          16|
    |tmp109_fu_690_p2        |         +|   0|  0|  15|          15|          15|
    |tmp10_fu_459_p2         |         +|   0|  0|  15|          15|          15|
    |tmp11_fu_453_p2         |         +|   0|  0|  15|          15|          15|
    |tmp125_fu_1114_p2       |         +|   0|  0|  15|          15|          15|
    |tmp12_fu_685_p2         |         +|   0|  0|  15|          15|          15|
    |tmp13_fu_681_p2         |         +|   0|  0|  15|          15|          15|
    |tmp141_fu_2017_p2       |         +|   0|  0|  15|          15|          15|
    |tmp14_fu_477_p2         |         +|   0|  0|  15|          15|          15|
    |tmp157_fu_827_p2        |         +|   0|  0|  23|          16|          16|
    |tmp15_fu_471_p2         |         +|   0|  0|  15|          15|          15|
    |tmp165_fu_1137_p2       |         +|   0|  0|  16|          16|          16|
    |tmp16_fu_489_p2         |         +|   0|  0|  15|          15|          15|
    |tmp173_fu_1740_p2       |         +|   0|  0|  16|          16|          16|
    |tmp17_fu_483_p2         |         +|   0|  0|  15|          15|          15|
    |tmp18_fu_519_p2         |         +|   0|  0|  15|          15|          15|
    |tmp190_fu_1161_p2       |         +|   0|  0|  16|          16|          16|
    |tmp194_fu_1763_p2       |         +|   0|  0|  16|          16|          16|
    |tmp197_fu_2074_p2       |         +|   0|  0|  16|          16|          16|
    |tmp19_fu_501_p2         |         +|   0|  0|  15|          15|          15|
    |tmp1_fu_677_p2          |         +|   0|  0|  15|          15|          15|
    |tmp208_fu_1191_p2       |         +|   0|  0|  13|          13|          13|
    |tmp20_fu_495_p2         |         +|   0|  0|  20|          15|          15|
    |tmp212_fu_1786_p2       |         +|   0|  0|  13|          13|          13|
    |tmp2151_fu_2089_p2      |         +|   0|  0|  13|          13|          13|
    |tmp21_fu_513_p2         |         +|   0|  0|  15|          15|          15|
    |tmp22_fu_507_p2         |         +|   0|  0|  15|          15|          15|
    |tmp23_fu_1085_p2        |         +|   0|  0|  15|          15|          15|
    |tmp24_fu_1073_p2        |         +|   0|  0|  20|          15|          15|
    |tmp25_fu_1079_p2        |         +|   0|  0|  20|          15|          15|
    |tmp26_fu_1108_p2        |         +|   0|  0|  15|          15|          15|
    |tmp27_fu_1091_p2        |         +|   0|  0|  15|          15|          15|
    |tmp28_fu_1102_p2        |         +|   0|  0|  15|          15|          15|
    |tmp29_fu_1097_p2        |         +|   0|  0|  15|          15|          15|
    |tmp2_fu_435_p2          |         +|   0|  0|  15|          15|          15|
    |tmp30_fu_2013_p2        |         +|   0|  0|  15|          15|          15|
    |tmp31_fu_1687_p2        |         +|   0|  0|  20|          15|          15|
    |tmp32_fu_1693_p2        |         +|   0|  0|  20|          15|          15|
    |tmp33_fu_1717_p2        |         +|   0|  0|  15|          15|          15|
    |tmp34_fu_1699_p2        |         +|   0|  0|  15|          15|          15|
    |tmp35_fu_1711_p2        |         +|   0|  0|  15|          15|          15|
    |tmp36_fu_1705_p2        |         +|   0|  0|  15|          15|          15|
    |tmp37_fu_1120_p2        |         +|   0|  0|  16|          16|          16|
    |tmp38_fu_1131_p2        |         +|   0|  0|  16|          16|          16|
    |tmp39_fu_1126_p2        |         +|   0|  0|  16|          16|          16|
    |tmp3_fu_417_p2          |         +|   0|  0|  15|          15|          15|
    |tmp40_fu_1723_p2        |         +|   0|  0|  23|          16|          16|
    |tmp41_fu_1734_p2        |         +|   0|  0|  16|          16|          16|
    |tmp42_fu_1729_p2        |         +|   0|  0|  16|          16|          16|
    |tmp44_fu_1155_p2        |         +|   0|  0|  16|          16|          16|
    |tmp45_fu_1757_p2        |         +|   0|  0|  16|          16|          16|
    |tmp46_fu_1185_p2        |         +|   0|  0|  13|          13|          13|
    |tmp47_fu_1780_p2        |         +|   0|  0|  13|          13|          13|
    |tmp4_fu_411_p2          |         +|   0|  0|  20|          15|          15|
    |tmp5_fu_429_p2          |         +|   0|  0|  15|          15|          15|
    |tmp6_fu_423_p2          |         +|   0|  0|  15|          15|          15|
    |tmp7_fu_465_p2          |         +|   0|  0|  15|          15|          15|
    |tmp8_fu_447_p2          |         +|   0|  0|  15|          15|          15|
    |tmp9_fu_441_p2          |         +|   0|  0|  20|          15|          15|
    |y                       |         +|   0|  0|  16|          16|          16|
    |sub_ln40_10_fu_2339_p2  |         -|   0|  0|  15|          15|          15|
    |sub_ln40_11_fu_2344_p2  |         -|   0|  0|  15|          15|          15|
    |sub_ln40_12_fu_2350_p2  |         -|   0|  0|  15|          15|          15|
    |sub_ln40_13_fu_2356_p2  |         -|   0|  0|  15|          15|          15|
    |sub_ln40_14_fu_2362_p2  |         -|   0|  0|  15|          15|          15|
    |sub_ln40_15_fu_2368_p2  |         -|   0|  0|  15|          15|          15|
    |sub_ln40_16_fu_2465_p2  |         -|   0|  0|  15|          15|          15|
    |sub_ln40_17_fu_2470_p2  |         -|   0|  0|  15|          15|          15|
    |sub_ln40_18_fu_2476_p2  |         -|   0|  0|  15|          15|          15|
    |sub_ln40_19_fu_2482_p2  |         -|   0|  0|  15|          15|          15|
    |sub_ln40_1_fu_2028_p2   |         -|   0|  0|  15|          15|          15|
    |sub_ln40_20_fu_2488_p2  |         -|   0|  0|  15|          15|          15|
    |sub_ln40_21_fu_2494_p2  |         -|   0|  0|  15|          15|          15|
    |sub_ln40_2_fu_2034_p2   |         -|   0|  0|  15|          15|          15|
    |sub_ln40_3_fu_2040_p2   |         -|   0|  0|  15|          15|          15|
    |sub_ln40_4_fu_2220_p2   |         -|   0|  0|  15|          15|          15|
    |sub_ln40_5_fu_2225_p2   |         -|   0|  0|  15|          15|          15|
    |sub_ln40_6_fu_2231_p2   |         -|   0|  0|  15|          15|          15|
    |sub_ln40_7_fu_2237_p2   |         -|   0|  0|  15|          15|          15|
    |sub_ln40_8_fu_2243_p2   |         -|   0|  0|  15|          15|          15|
    |sub_ln40_9_fu_2249_p2   |         -|   0|  0|  15|          15|          15|
    |sub_ln40_fu_2022_p2     |         -|   0|  0|  15|          15|          15|
    |tmp110_fu_696_p2        |         -|   0|  0|  15|          15|          15|
    |tmp111_fu_702_p2        |         -|   0|  0|  15|          15|          15|
    |tmp112_fu_792_p2        |         -|   0|  0|  15|          15|          15|
    |tmp113_fu_797_p2        |         -|   0|  0|  15|          15|          15|
    |tmp114_fu_803_p2        |         -|   0|  0|  15|          15|          15|
    |tmp115_fu_809_p2        |         -|   0|  0|  15|          15|          15|
    |tmp116_fu_815_p2        |         -|   0|  0|  15|          15|          15|
    |tmp117_fu_821_p2        |         -|   0|  0|  15|          15|          15|
    |tmp126_fu_1416_p2       |         -|   0|  0|  15|          15|          15|
    |tmp127_fu_1421_p2       |         -|   0|  0|  15|          15|          15|
    |tmp128_fu_1427_p2       |         -|   0|  0|  15|          15|          15|
    |tmp129_fu_1433_p2       |         -|   0|  0|  15|          15|          15|
    |tmp130_fu_1439_p2       |         -|   0|  0|  15|          15|          15|
    |tmp131_fu_1445_p2       |         -|   0|  0|  15|          15|          15|
    |tmp132_fu_1676_p2       |         -|   0|  0|  15|          15|          15|
    |tmp133_fu_1681_p2       |         -|   0|  0|  15|          15|          15|
    |tmp142_fu_2567_p2       |         -|   0|  0|  15|          15|          15|
    |tmp143_fu_2572_p2       |         -|   0|  0|  15|          15|          15|
    |tmp158_fu_833_p2        |         -|   0|  0|  16|          16|          16|
    |tmp159_fu_839_p2        |         -|   0|  0|  16|          16|          16|
    |tmp160_fu_844_p2        |         -|   0|  0|  16|          16|          16|
    |tmp161_fu_850_p2        |         -|   0|  0|  16|          16|          16|
    |tmp166_fu_1451_p2       |         -|   0|  0|  16|          16|          16|
    |tmp167_fu_1456_p2       |         -|   0|  0|  16|          16|          16|
    |tmp168_fu_1462_p2       |         -|   0|  0|  16|          16|          16|
    |tmp169_fu_1468_p2       |         -|   0|  0|  16|          16|          16|
    |tmp174_fu_1746_p2       |         -|   0|  0|  16|          16|          16|
    |tmp175_fu_2046_p2       |         -|   0|  0|  16|          16|          16|
    |tmp176_fu_2051_p2       |         -|   0|  0|  16|          16|          16|
    |tmp177_fu_2057_p2       |         -|   0|  0|  16|          16|          16|
    |tmp187_fu_1143_p2       |         -|   0|  0|  23|          16|          16|
    |tmp188_fu_1149_p2       |         -|   0|  0|  16|          16|          16|
    |tmp191_fu_1167_p2       |         -|   0|  0|  16|          16|          16|
    |tmp192_fu_1752_p2       |         -|   0|  0|  16|          16|          16|
    |tmp195_fu_1769_p2       |         -|   0|  0|  16|          16|          16|
    |tmp196_fu_2069_p2       |         -|   0|  0|  16|          16|          16|
    |tmp198_fu_2505_p2       |         -|   0|  0|  16|          16|          16|
    |tmp205_fu_1173_p2       |         -|   0|  0|  14|          13|          13|
    |tmp206_fu_1179_p2       |         -|   0|  0|  13|          13|          13|
    |tmp209_fu_1197_p2       |         -|   0|  0|  13|          13|          13|
    |tmp210_fu_1775_p2       |         -|   0|  0|  13|          13|          13|
    |tmp213_fu_1792_p2       |         -|   0|  0|  13|          13|          13|
    |tmp214_fu_2080_p2       |         -|   0|  0|  13|          13|          13|
    +------------------------+----------+----+---+----+------------+------------+
    |Total                   |          |   0|  0|1977|        1920|        1920|
    +------------------------+----------+----+---+----+------------+------------+

    * Multiplexer: 
    +-----------+----+-----------+-----+-----------+
    |    Name   | LUT| Input Size| Bits| Total Bits|
    +-----------+----+-----------+-----+-----------+
    |ap_NS_fsm  |  65|         12|    1|         12|
    +-----------+----+-----------+-----+-----------+
    |Total      |  65|         12|    1|         12|
    +-----------+----+-----------+-----+-----------+

    * Register: 
    +----------------------------------------+----+----+-----+-----------+
    |                  Name                  | FF | LUT| Bits| Const Bits|
    +----------------------------------------+----+----+-----+-----------+
    |add_ln42_2_reg_2800                     |  16|   0|   16|          0|
    |ap_CS_fsm                               |  11|   0|   11|          0|
    |fir_short_short_my_reg                  |  16|   0|   16|          0|
    |fir_short_short_my_reg_1                |  16|   0|   16|          0|
    |fir_short_short_my_reg_2                |  16|   0|   16|          0|
    |fir_short_short_my_reg_27_reg_2714      |  16|   0|   16|          0|
    |fir_short_short_my_reg_3                |  16|   0|   16|          0|
    |fir_short_short_my_reg_4                |  16|   0|   16|          0|
    |fir_short_short_my_reg_5                |  16|   0|   16|          0|
    |fir_short_short_my_reg_6                |  16|   0|   16|          0|
    |fir_short_short_my_reg_7                |  16|   0|   16|          0|
    |fir_short_short_my_reg_7_load_reg_2759  |  16|   0|   16|          0|
    |fir_short_short_my_reg_8                |  16|   0|   16|          0|
    |fir_short_short_my_reg_9                |  16|   0|   16|          0|
    |p_ZZ3firPssE6my_reg_10                  |  16|   0|   16|          0|
    |p_ZZ3firPssE6my_reg_100                 |  16|   0|   16|          0|
    |p_ZZ3firPssE6my_reg_101                 |  16|   0|   16|          0|
    |p_ZZ3firPssE6my_reg_102                 |  16|   0|   16|          0|
    |p_ZZ3firPssE6my_reg_103                 |  16|   0|   16|          0|
    |p_ZZ3firPssE6my_reg_104                 |  15|   0|   15|          0|
    |p_ZZ3firPssE6my_reg_105                 |  15|   0|   15|          0|
    |p_ZZ3firPssE6my_reg_106                 |  15|   0|   15|          0|
    |p_ZZ3firPssE6my_reg_107                 |  15|   0|   15|          0|
    |p_ZZ3firPssE6my_reg_108                 |  15|   0|   15|          0|
    |p_ZZ3firPssE6my_reg_109                 |  15|   0|   15|          0|
    |p_ZZ3firPssE6my_reg_11                  |  16|   0|   16|          0|
    |p_ZZ3firPssE6my_reg_110                 |  15|   0|   15|          0|
    |p_ZZ3firPssE6my_reg_111                 |  15|   0|   15|          0|
    |p_ZZ3firPssE6my_reg_112                 |  15|   0|   15|          0|
    |p_ZZ3firPssE6my_reg_113                 |  15|   0|   15|          0|
    |p_ZZ3firPssE6my_reg_114                 |  15|   0|   15|          0|
    |p_ZZ3firPssE6my_reg_115                 |  15|   0|   15|          0|
    |p_ZZ3firPssE6my_reg_116                 |  15|   0|   15|          0|
    |p_ZZ3firPssE6my_reg_117                 |  15|   0|   15|          0|
    |p_ZZ3firPssE6my_reg_118                 |  15|   0|   15|          0|
    |p_ZZ3firPssE6my_reg_119                 |  15|   0|   15|          0|
    |p_ZZ3firPssE6my_reg_12                  |  16|   0|   16|          0|
    |p_ZZ3firPssE6my_reg_120                 |  15|   0|   15|          0|
    |p_ZZ3firPssE6my_reg_121                 |  15|   0|   15|          0|
    |p_ZZ3firPssE6my_reg_122                 |  15|   0|   15|          0|
    |p_ZZ3firPssE6my_reg_123                 |  15|   0|   15|          0|
    |p_ZZ3firPssE6my_reg_124                 |  15|   0|   15|          0|
    |p_ZZ3firPssE6my_reg_125                 |  15|   0|   15|          0|
    |p_ZZ3firPssE6my_reg_126                 |  15|   0|   15|          0|
    |p_ZZ3firPssE6my_reg_13                  |  16|   0|   16|          0|
    |p_ZZ3firPssE6my_reg_14                  |  16|   0|   16|          0|
    |p_ZZ3firPssE6my_reg_15                  |  16|   0|   16|          0|
    |p_ZZ3firPssE6my_reg_16                  |  16|   0|   16|          0|
    |p_ZZ3firPssE6my_reg_17                  |  16|   0|   16|          0|
    |p_ZZ3firPssE6my_reg_18                  |  16|   0|   16|          0|
    |p_ZZ3firPssE6my_reg_19                  |  16|   0|   16|          0|
    |p_ZZ3firPssE6my_reg_20                  |  16|   0|   16|          0|
    |p_ZZ3firPssE6my_reg_21                  |  16|   0|   16|          0|
    |p_ZZ3firPssE6my_reg_22                  |  16|   0|   16|          0|
    |p_ZZ3firPssE6my_reg_23                  |  16|   0|   16|          0|
    |p_ZZ3firPssE6my_reg_24                  |  16|   0|   16|          0|
    |p_ZZ3firPssE6my_reg_25                  |  16|   0|   16|          0|
    |p_ZZ3firPssE6my_reg_26                  |  16|   0|   16|          0|
    |p_ZZ3firPssE6my_reg_27                  |  16|   0|   16|          0|
    |p_ZZ3firPssE6my_reg_28                  |  16|   0|   16|          0|
    |p_ZZ3firPssE6my_reg_29                  |  16|   0|   16|          0|
    |p_ZZ3firPssE6my_reg_30                  |  16|   0|   16|          0|
    |p_ZZ3firPssE6my_reg_31                  |  16|   0|   16|          0|
    |p_ZZ3firPssE6my_reg_32                  |  16|   0|   16|          0|
    |p_ZZ3firPssE6my_reg_33                  |  16|   0|   16|          0|
    |p_ZZ3firPssE6my_reg_34                  |  16|   0|   16|          0|
    |p_ZZ3firPssE6my_reg_35                  |  16|   0|   16|          0|
    |p_ZZ3firPssE6my_reg_36                  |  16|   0|   16|          0|
    |p_ZZ3firPssE6my_reg_37                  |  16|   0|   16|          0|
    |p_ZZ3firPssE6my_reg_38                  |  16|   0|   16|          0|
    |p_ZZ3firPssE6my_reg_39                  |  16|   0|   16|          0|
    |p_ZZ3firPssE6my_reg_40                  |  16|   0|   16|          0|
    |p_ZZ3firPssE6my_reg_41                  |  16|   0|   16|          0|
    |p_ZZ3firPssE6my_reg_42                  |  16|   0|   16|          0|
    |p_ZZ3firPssE6my_reg_43                  |  16|   0|   16|          0|
    |p_ZZ3firPssE6my_reg_44                  |  16|   0|   16|          0|
    |p_ZZ3firPssE6my_reg_45                  |  16|   0|   16|          0|
    |p_ZZ3firPssE6my_reg_46                  |  16|   0|   16|          0|
    |p_ZZ3firPssE6my_reg_47                  |  16|   0|   16|          0|
    |p_ZZ3firPssE6my_reg_48                  |  16|   0|   16|          0|
    |p_ZZ3firPssE6my_reg_49                  |  16|   0|   16|          0|
    |p_ZZ3firPssE6my_reg_50                  |  16|   0|   16|          0|
    |p_ZZ3firPssE6my_reg_51                  |  16|   0|   16|          0|
    |p_ZZ3firPssE6my_reg_52                  |  16|   0|   16|          0|
    |p_ZZ3firPssE6my_reg_53                  |  16|   0|   16|          0|
    |p_ZZ3firPssE6my_reg_54                  |  16|   0|   16|          0|
    |p_ZZ3firPssE6my_reg_55                  |  16|   0|   16|          0|
    |p_ZZ3firPssE6my_reg_56                  |  16|   0|   16|          0|
    |p_ZZ3firPssE6my_reg_57                  |  16|   0|   16|          0|
    |p_ZZ3firPssE6my_reg_58                  |  16|   0|   16|          0|
    |p_ZZ3firPssE6my_reg_59                  |  16|   0|   16|          0|
    |p_ZZ3firPssE6my_reg_60                  |  16|   0|   16|          0|
    |p_ZZ3firPssE6my_reg_61                  |  16|   0|   16|          0|
    |p_ZZ3firPssE6my_reg_62                  |  16|   0|   16|          0|
    |p_ZZ3firPssE6my_reg_63                  |  16|   0|   16|          0|
    |p_ZZ3firPssE6my_reg_64                  |  16|   0|   16|          0|
    |p_ZZ3firPssE6my_reg_65                  |  16|   0|   16|          0|
    |p_ZZ3firPssE6my_reg_66                  |  16|   0|   16|          0|
    |p_ZZ3firPssE6my_reg_67                  |  16|   0|   16|          0|
    |p_ZZ3firPssE6my_reg_68                  |  16|   0|   16|          0|
    |p_ZZ3firPssE6my_reg_69                  |  16|   0|   16|          0|
    |p_ZZ3firPssE6my_reg_70                  |  16|   0|   16|          0|
    |p_ZZ3firPssE6my_reg_71                  |  16|   0|   16|          0|
    |p_ZZ3firPssE6my_reg_72                  |  16|   0|   16|          0|
    |p_ZZ3firPssE6my_reg_73                  |  16|   0|   16|          0|
    |p_ZZ3firPssE6my_reg_74                  |  16|   0|   16|          0|
    |p_ZZ3firPssE6my_reg_75                  |  16|   0|   16|          0|
    |p_ZZ3firPssE6my_reg_76                  |  16|   0|   16|          0|
    |p_ZZ3firPssE6my_reg_77                  |  16|   0|   16|          0|
    |p_ZZ3firPssE6my_reg_78                  |  16|   0|   16|          0|
    |p_ZZ3firPssE6my_reg_79                  |  16|   0|   16|          0|
    |p_ZZ3firPssE6my_reg_80                  |  16|   0|   16|          0|
    |p_ZZ3firPssE6my_reg_81                  |  16|   0|   16|          0|
    |p_ZZ3firPssE6my_reg_82                  |  16|   0|   16|          0|
    |p_ZZ3firPssE6my_reg_83                  |  16|   0|   16|          0|
    |p_ZZ3firPssE6my_reg_84                  |  16|   0|   16|          0|
    |p_ZZ3firPssE6my_reg_85                  |  16|   0|   16|          0|
    |p_ZZ3firPssE6my_reg_86                  |  16|   0|   16|          0|
    |p_ZZ3firPssE6my_reg_87                  |  16|   0|   16|          0|
    |p_ZZ3firPssE6my_reg_88                  |  16|   0|   16|          0|
    |p_ZZ3firPssE6my_reg_89                  |  16|   0|   16|          0|
    |p_ZZ3firPssE6my_reg_90                  |  16|   0|   16|          0|
    |p_ZZ3firPssE6my_reg_91                  |  16|   0|   16|          0|
    |p_ZZ3firPssE6my_reg_92                  |  16|   0|   16|          0|
    |p_ZZ3firPssE6my_reg_93                  |  16|   0|   16|          0|
    |p_ZZ3firPssE6my_reg_94                  |  16|   0|   16|          0|
    |p_ZZ3firPssE6my_reg_95                  |  16|   0|   16|          0|
    |p_ZZ3firPssE6my_reg_96                  |  16|   0|   16|          0|
    |p_ZZ3firPssE6my_reg_96_load_reg_2668    |  16|   0|   16|          0|
    |p_ZZ3firPssE6my_reg_97                  |  16|   0|   16|          0|
    |p_ZZ3firPssE6my_reg_97_load_reg_2679    |  16|   0|   16|          0|
    |p_ZZ3firPssE6my_reg_98                  |  16|   0|   16|          0|
    |p_ZZ3firPssE6my_reg_99                  |  16|   0|   16|          0|
    |sub_ln40_15_reg_2785                    |  15|   0|   15|          0|
    |sub_ln40_21_reg_2795                    |  15|   0|   15|          0|
    |sub_ln40_3_reg_2764                     |  15|   0|   15|          0|
    |sub_ln40_9_reg_2780                     |  15|   0|   15|          0|
    |tmp111_reg_2674                         |  15|   0|   15|          0|
    |tmp117_reg_2684                         |  15|   0|   15|          0|
    |tmp125_reg_2694                         |  15|   0|   15|          0|
    |tmp131_reg_2719                         |  15|   0|   15|          0|
    |tmp14_reg_2653                          |  15|   0|   15|          0|
    |tmp161_reg_2689                         |  16|   0|   16|          0|
    |tmp165_reg_2699                         |  16|   0|   16|          0|
    |tmp169_reg_2724                         |  16|   0|   16|          0|
    |tmp16_reg_2658                          |  15|   0|   15|          0|
    |tmp174_reg_2744                         |  16|   0|   16|          0|
    |tmp18_reg_2663                          |  15|   0|   15|          0|
    |tmp191_reg_2704                         |  16|   0|   16|          0|
    |tmp195_reg_2749                         |  16|   0|   16|          0|
    |tmp197_reg_2769                         |  16|   0|   16|          0|
    |tmp209_reg_2709                         |  13|   0|   13|          0|
    |tmp213_reg_2754                         |  13|   0|   13|          0|
    |tmp2151_reg_2775                        |  13|   0|   13|          0|
    |tmp2_reg_2643                           |  15|   0|   15|          0|
    |tmp31_reg_2729                          |  15|   0|   15|          0|
    |tmp32_reg_2734                          |  15|   0|   15|          0|
    |tmp33_reg_2739                          |  15|   0|   15|          0|
    |tmp7_reg_2648                           |  15|   0|   15|          0|
    |x_read_reg_2638                         |  16|   0|   16|          0|
    +----------------------------------------+----+----+-----+-----------+
    |Total                                   |2507|   0| 2507|          0|
    +----------------------------------------+----+----+-----+-----------+



================================================================
== Interface
================================================================
* Summary: 
+-----------------------+-----+-----+------------+--------------+--------------+
|       RTL Ports       | Dir | Bits|  Protocol  | Source Object|    C Type    |
+-----------------------+-----+-----+------------+--------------+--------------+
|s_axi_control_AWVALID  |   in|    1|       s_axi|       control|        scalar|
|s_axi_control_AWREADY  |  out|    1|       s_axi|       control|        scalar|
|s_axi_control_AWADDR   |   in|    6|       s_axi|       control|        scalar|
|s_axi_control_WVALID   |   in|    1|       s_axi|       control|        scalar|
|s_axi_control_WREADY   |  out|    1|       s_axi|       control|        scalar|
|s_axi_control_WDATA    |   in|   32|       s_axi|       control|        scalar|
|s_axi_control_WSTRB    |   in|    4|       s_axi|       control|        scalar|
|s_axi_control_ARVALID  |   in|    1|       s_axi|       control|        scalar|
|s_axi_control_ARREADY  |  out|    1|       s_axi|       control|        scalar|
|s_axi_control_ARADDR   |   in|    6|       s_axi|       control|        scalar|
|s_axi_control_RVALID   |  out|    1|       s_axi|       control|        scalar|
|s_axi_control_RREADY   |   in|    1|       s_axi|       control|        scalar|
|s_axi_control_RDATA    |  out|   32|       s_axi|       control|        scalar|
|s_axi_control_RRESP    |  out|    2|       s_axi|       control|        scalar|
|s_axi_control_BVALID   |  out|    1|       s_axi|       control|        scalar|
|s_axi_control_BREADY   |   in|    1|       s_axi|       control|        scalar|
|s_axi_control_BRESP    |  out|    2|       s_axi|       control|        scalar|
|ap_clk                 |   in|    1|  ap_ctrl_hs|           fir|  return value|
|ap_rst_n               |   in|    1|  ap_ctrl_hs|           fir|  return value|
|interrupt              |  out|    1|  ap_ctrl_hs|           fir|  return value|
+-----------------------+-----+-----+------------+--------------+--------------+

